build/intermediates/manifest_merge_blame_file/debug/processDebugMainManifest/manifest-merger-blame-debug-report.txt
1<?xml version="1.0" encoding="utf-8"?>
2<manifest xmlns:android="http://schemas.android.com/apk/res/android"
3    package="com.example.flipperdroid"
4    android:versionCode="1"
5    android:versionName="1.0" >
6
7    <uses-sdk
8        android:minSdkVersion="24"
9        android:targetSdkVersion="35" />
10
11    <uses-permission android:name="android.permission.NFC" />
11-->src/main/AndroidManifest.xml:5:5-62
11-->src/main/AndroidManifest.xml:5:22-59
12    <uses-permission android:name="android.permission.USB_PERMISSION" />
12-->src/main/AndroidManifest.xml:6:5-73
12-->src/main/AndroidManifest.xml:6:22-70
13    <uses-permission android:name="android.permission.BLUETOOTH" />
13-->src/main/AndroidManifest.xml:7:5-68
13-->src/main/AndroidManifest.xml:7:22-65
14    <uses-permission android:name="android.permission.BLUETOOTH_ADMIN" />
14-->src/main/AndroidManifest.xml:8:5-74
14-->src/main/AndroidManifest.xml:8:22-71
15    <uses-permission
15-->src/main/AndroidManifest.xml:9:5-140
16        android:name="android.permission.BLUETOOTH_SCAN"
16-->src/main/AndroidManifest.xml:9:22-70
17        android:usesPermissionFlags="neverForLocation" />
17-->src/main/AndroidManifest.xml:9:71-117
18    <uses-permission android:name="android.permission.BLUETOOTH_CONNECT" />
18-->src/main/AndroidManifest.xml:10:5-76
18-->src/main/AndroidManifest.xml:10:22-73
19    <uses-permission android:name="android.permission.ACCESS_WIFI_STATE" />
19-->src/main/AndroidManifest.xml:11:5-76
19-->src/main/AndroidManifest.xml:11:22-73
20    <uses-permission android:name="android.permission.CHANGE_WIFI_STATE" />
20-->src/main/AndroidManifest.xml:12:5-76
20-->src/main/AndroidManifest.xml:12:22-73
21    <uses-permission android:name="android.permission.ACCESS_FINE_LOCATION" />
21-->src/main/AndroidManifest.xml:13:5-79
21-->src/main/AndroidManifest.xml:13:22-76
22    <uses-permission android:name="android.permission.ACCESS_COARSE_LOCATION" />
22-->src/main/AndroidManifest.xml:14:5-81
22-->src/main/AndroidManifest.xml:14:22-78
23    <uses-permission android:name="android.permission.ACCESS_NETWORK_STATE" />
23-->src/main/AndroidManifest.xml:15:5-79
23-->src/main/AndroidManifest.xml:15:22-76
24    <uses-permission
24-->src/main/AndroidManifest.xml:16:5-145
25        android:name="android.permission.NEARBY_WIFI_DEVICES"
25-->src/main/AndroidManifest.xml:16:22-75
26        android:usesPermissionFlags="neverForLocation" />
26-->src/main/AndroidManifest.xml:16:76-122
27    <uses-permission android:name="android.permission.BLUETOOTH_ADVERTISE" />
27-->src/main/AndroidManifest.xml:17:5-78
27-->src/main/AndroidManifest.xml:17:22-75
28
29    <uses-feature
29-->src/main/AndroidManifest.xml:18:5-82
30        android:name="android.hardware.nfc"
30-->src/main/AndroidManifest.xml:18:19-54
31        android:required="false" />
31-->src/main/AndroidManifest.xml:18:55-79
32    <uses-feature android:name="android.hardware.usb.host" />
32-->src/main/AndroidManifest.xml:19:5-62
32-->src/main/AndroidManifest.xml:19:19-59
33    <uses-feature
33-->src/main/AndroidManifest.xml:20:5-90
34        android:name="android.hardware.bluetooth_le"
34-->src/main/AndroidManifest.xml:20:19-63
35        android:required="true" />
35-->src/main/AndroidManifest.xml:20:64-87
36    <uses-feature
36-->src/main/AndroidManifest.xml:21:5-82
37        android:name="android.hardware.wifi"
37-->src/main/AndroidManifest.xml:21:19-55
38        android:required="true" />
38-->src/main/AndroidManifest.xml:21:56-79
39
40    <permission
40-->[androidx.core:core:1.13.1] AndroidManifest.xml:22:5-24:47
41        android:name="com.example.flipperdroid.DYNAMIC_RECEIVER_NOT_EXPORTED_PERMISSION"
41-->[androidx.core:core:1.13.1] AndroidManifest.xml:23:9-81
42        android:protectionLevel="signature" />
42-->[androidx.core:core:1.13.1] AndroidManifest.xml:24:9-44
43
44    <uses-permission android:name="com.example.flipperdroid.DYNAMIC_RECEIVER_NOT_EXPORTED_PERMISSION" />
44-->[androidx.core:core:1.13.1] AndroidManifest.xml:26:5-97
44-->[androidx.core:core:1.13.1] AndroidManifest.xml:26:22-94
45
46    <application
46-->src/main/AndroidManifest.xml:23:5-76:19
47        android:allowBackup="true"
47-->src/main/AndroidManifest.xml:24:9-35
48        android:appComponentFactory="androidx.core.app.CoreComponentFactory"
48-->[androidx.core:core:1.13.1] AndroidManifest.xml:28:18-86
49        android:dataExtractionRules="@xml/data_extraction_rules"
49-->src/main/AndroidManifest.xml:25:9-65
50        android:debuggable="true"
51        android:extractNativeLibs="false"
52        android:fullBackupContent="@xml/backup_rules"
52-->src/main/AndroidManifest.xml:26:9-54
53        android:icon="@mipmap/ic_launcher"
53-->src/main/AndroidManifest.xml:27:9-43
54        android:label="@string/app_name"
54-->src/main/AndroidManifest.xml:28:9-41
55        android:roundIcon="@mipmap/ic_launcher_round"
55-->src/main/AndroidManifest.xml:29:9-54
56        android:supportsRtl="true"
56-->src/main/AndroidManifest.xml:30:9-35
57        android:testOnly="true"
58        android:theme="@style/Theme.Flipperdroid" >
58-->src/main/AndroidManifest.xml:31:9-50
59        <activity
59-->src/main/AndroidManifest.xml:34:9-62:20
60            android:name="com.example.flipperdroid.MainActivity"
60-->src/main/AndroidManifest.xml:35:13-41
61            android:exported="true"
61-->src/main/AndroidManifest.xml:36:13-36
62            android:label="@string/app_name"
62-->src/main/AndroidManifest.xml:37:13-45
63            android:launchMode="singleTop"
63-->src/main/AndroidManifest.xml:39:13-43
64            android:theme="@style/Theme.Flipperdroid" >
64-->src/main/AndroidManifest.xml:38:13-54
65            <intent-filter>
65-->src/main/AndroidManifest.xml:40:13-43:29
66                <action android:name="android.intent.action.MAIN" />
66-->src/main/AndroidManifest.xml:41:17-69
66-->src/main/AndroidManifest.xml:41:25-66
67
68                <category android:name="android.intent.category.LAUNCHER" />
68-->src/main/AndroidManifest.xml:42:17-77
68-->src/main/AndroidManifest.xml:42:27-74
69            </intent-filter>
70            <intent-filter>
70-->src/main/AndroidManifest.xml:45:13-48:29
71                <action android:name="android.nfc.action.TAG_DISCOVERED" />
71-->src/main/AndroidManifest.xml:46:17-75
71-->src/main/AndroidManifest.xml:46:25-73
72
73                <category android:name="android.intent.category.DEFAULT" />
73-->src/main/AndroidManifest.xml:47:17-75
73-->src/main/AndroidManifest.xml:47:27-73
74            </intent-filter>
75            <intent-filter>
75-->src/main/AndroidManifest.xml:49:13-53:29
76                <action android:name="android.nfc.action.NDEF_DISCOVERED" />
76-->src/main/AndroidManifest.xml:50:17-76
76-->src/main/AndroidManifest.xml:50:25-74
77
78                <category android:name="android.intent.category.DEFAULT" />
78-->src/main/AndroidManifest.xml:47:17-75
78-->src/main/AndroidManifest.xml:47:27-73
79
80                <data android:mimeType="*/*" />
80-->src/main/AndroidManifest.xml:52:17-48
80-->src/main/AndroidManifest.xml:52:23-45
81            </intent-filter>
82            <intent-filter>
82-->src/main/AndroidManifest.xml:54:13-57:29
83                <action android:name="android.nfc.action.TECH_DISCOVERED" />
83-->src/main/AndroidManifest.xml:55:17-76
83-->src/main/AndroidManifest.xml:55:25-74
84
85                <category android:name="android.intent.category.DEFAULT" />
85-->src/main/AndroidManifest.xml:47:17-75
85-->src/main/AndroidManifest.xml:47:27-73
86            </intent-filter>
87
88            <meta-data
88-->src/main/AndroidManifest.xml:59:13-61:59
89                android:name="android.nfc.action.TECH_DISCOVERED"
89-->src/main/AndroidManifest.xml:60:17-66
90                android:resource="@xml/nfc_tech_filter" />
90-->src/main/AndroidManifest.xml:61:17-56
91        </activity>
92
93        <service
93-->src/main/AndroidManifest.xml:64:9-74:19
94            android:name="com.example.flipperdroid.nfc.EmvCardEmulationService"
94-->src/main/AndroidManifest.xml:65:13-56
95            android:exported="true"
95-->src/main/AndroidManifest.xml:66:13-36
96            android:permission="android.permission.BIND_NFC_SERVICE" >
96-->src/main/AndroidManifest.xml:67:13-69
97            <intent-filter>
97-->src/main/AndroidManifest.xml:68:13-70:29
98                <action android:name="android.nfc.cardemulation.action.HOST_APDU_SERVICE" />
98-->src/main/AndroidManifest.xml:69:17-93
98-->src/main/AndroidManifest.xml:69:25-90
99            </intent-filter>
100
101            <meta-data
101-->src/main/AndroidManifest.xml:71:13-73:60
102                android:name="android.nfc.cardemulation.host_apdu_service"
102-->src/main/AndroidManifest.xml:72:17-75
103                android:resource="@xml/emv_card_service" />
103-->src/main/AndroidManifest.xml:73:17-57
104        </service>
105
106        <activity
106-->[androidx.compose.ui:ui-test-manifest:1.7.2] AndroidManifest.xml:23:9-25:39
107            android:name="androidx.activity.ComponentActivity"
107-->[androidx.compose.ui:ui-test-manifest:1.7.2] AndroidManifest.xml:24:13-63
108            android:exported="true" />
108-->[androidx.compose.ui:ui-test-manifest:1.7.2] AndroidManifest.xml:25:13-36
109
110        <provider
110-->[androidx.emoji2:emoji2:1.3.0] AndroidManifest.xml:24:9-32:20
111            android:name="androidx.startup.InitializationProvider"
111-->[androidx.emoji2:emoji2:1.3.0] AndroidManifest.xml:25:13-67
112            android:authorities="com.example.flipperdroid.androidx-startup"
112-->[androidx.emoji2:emoji2:1.3.0] AndroidManifest.xml:26:13-68
113            android:exported="false" >
113-->[androidx.emoji2:emoji2:1.3.0] AndroidManifest.xml:27:13-37
114            <meta-data
114-->[androidx.emoji2:emoji2:1.3.0] AndroidManifest.xml:29:13-31:52
115                android:name="androidx.emoji2.text.EmojiCompatInitializer"
115-->[androidx.emoji2:emoji2:1.3.0] AndroidManifest.xml:30:17-75
116                android:value="androidx.startup" />
116-->[androidx.emoji2:emoji2:1.3.0] AndroidManifest.xml:31:17-49
117            <meta-data
117-->[androidx.lifecycle:lifecycle-process:2.9.0-alpha12] AndroidManifest.xml:29:13-31:52
118                android:name="androidx.lifecycle.ProcessLifecycleInitializer"
118-->[androidx.lifecycle:lifecycle-process:2.9.0-alpha12] AndroidManifest.xml:30:17-78
119                android:value="androidx.startup" />
119-->[androidx.lifecycle:lifecycle-process:2.9.0-alpha12] AndroidManifest.xml:31:17-49
120            <meta-data
120-->[androidx.profileinstaller:profileinstaller:1.4.0] AndroidManifest.xml:29:13-31:52
121                android:name="androidx.profileinstaller.ProfileInstallerInitializer"
121-->[androidx.profileinstaller:profileinstaller:1.4.0] AndroidManifest.xml:30:17-85
122                android:value="androidx.startup" />
122-->[androidx.profileinstaller:profileinstaller:1.4.0] AndroidManifest.xml:31:17-49
123        </provider>
124
125        <activity
125-->[androidx.compose.ui:ui-tooling-android:1.7.2] AndroidManifest.xml:23:9-25:39
126            android:name="androidx.compose.ui.tooling.PreviewActivity"
126-->[androidx.compose.ui:ui-tooling-android:1.7.2] AndroidManifest.xml:24:13-71
127            android:exported="true" />
127-->[androidx.compose.ui:ui-tooling-android:1.7.2] AndroidManifest.xml:25:13-36
128
129        <receiver
129-->[androidx.profileinstaller:profileinstaller:1.4.0] AndroidManifest.xml:34:9-52:20
130            android:name="androidx.profileinstaller.ProfileInstallReceiver"
130-->[androidx.profileinstaller:profileinstaller:1.4.0] AndroidManifest.xml:35:13-76
131            android:directBootAware="false"
131-->[androidx.profileinstaller:profileinstaller:1.4.0] AndroidManifest.xml:36:13-44
132            android:enabled="true"
132-->[androidx.profileinstaller:profileinstaller:1.4.0] AndroidManifest.xml:37:13-35
133            android:exported="true"
133-->[androidx.profileinstaller:profileinstaller:1.4.0] AndroidManifest.xml:38:13-36
134            android:permission="android.permission.DUMP" >
134-->[androidx.profileinstaller:profileinstaller:1.4.0] AndroidManifest.xml:39:13-57
135            <intent-filter>
135-->[androidx.profileinstaller:profileinstaller:1.4.0] AndroidManifest.xml:40:13-42:29
136                <action android:name="androidx.profileinstaller.action.INSTALL_PROFILE" />
136-->[androidx.profileinstaller:profileinstaller:1.4.0] AndroidManifest.xml:41:17-91
136-->[androidx.profileinstaller:profileinstaller:1.4.0] AndroidManifest.xml:41:25-88
137            </intent-filter>
138            <intent-filter>
138-->[androidx.profileinstaller:profileinstaller:1.4.0] AndroidManifest.xml:43:13-45:29
139                <action android:name="androidx.profileinstaller.action.SKIP_FILE" />
139-->[androidx.profileinstaller:profileinstaller:1.4.0] AndroidManifest.xml:44:17-85
139-->[androidx.profileinstaller:profileinstaller:1.4.0] AndroidManifest.xml:44:25-82
140            </intent-filter>
141            <intent-filter>
141-->[androidx.profileinstaller:profileinstaller:1.4.0] AndroidManifest.xml:46:13-48:29
142                <action android:name="androidx.profileinstaller.action.SAVE_PROFILE" />
142-->[androidx.profileinstaller:profileinstaller:1.4.0] AndroidManifest.xml:47:17-88
142-->[androidx.profileinstaller:profileinstaller:1.4.0] AndroidManifest.xml:47:25-85
143            </intent-filter>
144            <intent-filter>
144-->[androidx.profileinstaller:profileinstaller:1.4.0] AndroidManifest.xml:49:13-51:29
145                <action android:name="androidx.profileinstaller.action.BENCHMARK_OPERATION" />
145-->[androidx.profileinstaller:profileinstaller:1.4.0] AndroidManifest.xml:50:17-95
145-->[androidx.profileinstaller:profileinstaller:1.4.0] AndroidManifest.xml:50:25-92
146            </intent-filter>
147        </receiver>
148    </application>
149
150</manifest>